Request for code: 6D0B7F
Found 1 players
Request for code: 0C2016
Found 0 players
Request for code: 6D0B7F
Found 1 players
Request for code: 0C2016
SQL: 00000
Affected rows: 0
Found 0 players
Request for code: 6D0B7F
SQL: 00000
Affected rows: 1
Found 1 players
Request for code: 6D0B7F
SQL: 00000
Affected rows: 1
Found 1 players

[2025-07-01 17:03:37] Request for code: 6D0B7F

[2025-07-01 17:04:14] Request for code: 6D0B7F

[2025-07-01 17:04:15] Request for code: 6D0B7F

[2025-07-01 17:04:20] Request for code: 6D0B7F

[2025-07-01 17:04:25] Request for code: 6D0B7F

[2025-07-01 17:04:30] Request for code: 6D0B7F

[2025-07-01 17:04:35] Request for code: 6D0B7F

[2025-07-01 17:04:40] Request for code: 6D0B7F

[2025-07-01 17:04:45] Request for code: 6D0B7F

[2025-07-01 17:04:50] Request for code: 6D0B7F

[2025-07-01 17:04:55] Request for code: 6D0B7F

[2025-07-01 17:05:00] Request for code: 6D0B7F

[2025-07-01 17:05:05] Request for code: 6D0B7F

[2025-07-01 17:05:10] Request for code: 6D0B7F

[2025-07-01 17:05:15] Request for code: 6D0B7F

[2025-07-01 17:05:32] Request for code: 0C2016

[2025-07-01 17:05:37] Request for code: 6D0B7F

[2025-07-01 17:06:28] Request for code: 6D0B7F

[2025-07-01 17:06:30] Request for code: 6D0B7F

[2025-07-01 17:06:30] Request for code: 6D0B7F

[2025-07-01 17:06:35] Request for code: 6D0B7F

[2025-07-01 17:06:40] Request for code: 6D0B7F

[2025-07-01 17:06:45] Request for code: 6D0B7F

[2025-07-01 17:06:50] Request for code: 6D0B7F

[2025-07-01 17:06:53] Request for code: 6D0B7F

[2025-07-01 17:06:54] Request for code: 6D0B7F

[2025-07-01 17:06:59] Request for code: 6D0B7F

[2025-07-01 17:07:04] Request for code: 6D0B7F

[2025-07-01 17:07:09] Request for code: 6D0B7F

[2025-07-01 17:07:14] Request for code: 6D0B7F

[2025-07-01 17:07:19] Request for code: 6D0B7F

[2025-07-01 17:07:24] Request for code: 6D0B7F

[2025-07-01 17:07:29] Request for code: 6D0B7F

[2025-07-01 17:07:34] Request for code: 6D0B7F

[2025-07-01 17:07:39] Request for code: 6D0B7F

[2025-07-01 17:07:44] Request for code: 6D0B7F

[2025-07-01 17:07:49] Request for code: 6D0B7F

[2025-07-01 17:07:54] Request for code: 6D0B7F

[2025-07-01 17:07:59] Request for code: 6D0B7F

[2025-07-01 17:08:04] Request for code: 6D0B7F

[2025-07-01 17:08:09] Request for code: 6D0B7F

[2025-07-01 17:08:14] Request for code: 6D0B7F

[2025-07-01 17:08:19] Request for code: 6D0B7F

[2025-07-01 17:08:24] Request for code: 6D0B7F

[2025-07-01 17:08:29] Request for code: 6D0B7F

[2025-07-01 17:08:34] Request for code: 6D0B7F

[2025-07-01 17:09:37] Request for code: 6D0B7F

[2025-07-01 17:09:39] Request for code: 6D0B7F

[2025-07-01 17:09:40] Request for code: 6D0B7F

[2025-07-01 17:09:40] Request for code: 6D0B7F

[2025-07-01 17:09:45] Request for code: 6D0B7F

[2025-07-01 17:09:48] Request for code: 0C2016

[2025-07-01 17:09:50] Request for code: 6D0B7F

[2025-07-01 17:09:55] Request for code: 6D0B7F

[2025-07-01 17:10:00] Request for code: 6D0B7F

[2025-07-01 17:10:05] Request for code: 0C2016

[2025-07-01 17:10:05] Request for code: 6D0B7F

[2025-07-01 17:10:07] Request for code: 0C2016

[2025-07-01 17:10:10] Request for code: 6D0B7F

[2025-07-01 17:10:15] Request for code: 6D0B7F

[2025-07-01 17:10:20] Request for code: 6D0B7F

[2025-07-01 17:10:25] Request for code: 6D0B7F

[2025-07-01 17:10:30] Request for code: 6D0B7F

[2025-07-01 17:10:35] Request for code: 6D0B7F

[2025-07-01 17:10:37] Request for code: 6D0B7F

[2025-07-01 17:10:37] Request for code: 6D0B7F

[2025-07-01 17:10:40] Request for code: 0C2016

[2025-07-01 17:10:42] Request for code: 6D0B7F

[2025-07-01 17:10:47] Request for code: 6D0B7F

[2025-07-01 17:10:52] Request for code: 6D0B7F

[2025-07-01 17:10:57] Request for code: 6D0B7F

[2025-07-01 17:11:02] Request for code: 6D0B7F

[2025-07-01 17:11:07] Request for code: 6D0B7F

[2025-07-01 17:11:12] Request for code: 6D0B7F

[2025-07-01 17:11:17] Request for code: 6D0B7F

[2025-07-01 17:11:22] Request for code: 6D0B7F

[2025-07-01 17:11:27] Request for code: 6D0B7F

[2025-07-01 17:11:32] Request for code: 6D0B7F

[2025-07-01 17:11:37] Request for code: 6D0B7F
Request for code: 6D0B7F
SQL: 00000
Affected rows: 1
Found 1 players
Request for code: 6D0B7F
SQL: 00000
Affected rows: 1
Found 1 players
Request for code: 6D0B7F
SQL: 00000
Affected rows: 1
Found 1 players
Request for code: 0C2016
SQL: 00000
Affected rows: 0
Found 0 players
Request for code: 6D0B7F
SQL: 00000
Affected rows: 1
Found 1 players
Request for code: 6D0B7F
SQL: 00000
Affected rows: 1
Found 1 players
Request for code: 6D0B7F
SQL: 00000
Affected rows: 1
Found 1 players

[2025-07-01 17:12:41] Request for code: 0C2016

[2025-07-01 17:12:42] Request for code: 6D0B7F

[2025-07-01 17:12:47] Request for code: 6D0B7F

[2025-07-01 17:12:52] Request for code: 6D0B7F

[2025-07-01 17:12:57] Request for code: 6D0B7F

[2025-07-01 17:13:02] Request for code: 6D0B7F

[2025-07-01 17:13:07] Request for code: 6D0B7F

[2025-07-01 17:13:12] Request for code: 6D0B7F

[2025-07-01 17:13:17] Request for code: 6D0B7F

[2025-07-01 17:13:22] Request for code: 6D0B7F

[2025-07-01 17:13:27] Request for code: 6D0B7F

[2025-07-01 17:13:37] Request for code: 6D0B7F

[2025-07-01 17:13:52] Request for code: 6D0B7F

[2025-07-01 17:13:57] Request for code: 6D0B7F

[2025-07-01 17:14:02] Request for code: 0C2016

[2025-07-01 17:14:02] Request for code: 6D0B7F

[2025-07-01 17:14:07] Request for code: 6D0B7F

[2025-07-01 17:14:12] Request for code: 6D0B7F

[2025-07-01 17:14:22] Request for code: 6D0B7F

[2025-07-01 17:14:27] Request for code: 6D0B7F

[2025-07-01 17:14:32] Request for code: 6D0B7F

[2025-07-01 17:14:37] Request for code: 6D0B7F

[2025-07-01 17:14:40] Request for code: 0C2016

[2025-07-01 17:14:42] Request for code: 6D0B7F

[2025-07-01 17:14:47] Request for code: 6D0B7F

[2025-07-01 17:14:52] Request for code: 6D0B7F

[2025-07-01 17:15:04] Request for code: 6D0B7F

[2025-07-01 17:15:07] Request for code: 6D0B7F
Request for code: 6D0B7F
SQL: 00000
Affected rows: 1
Found 1 players
Request for code: 6D0B7F
SQL: 00000
Affected rows: 1
Found 1 players
Request for code: 6D0B7F
SQL: 00000
Affected rows: 1
Found 1 players
Request for code: 0C2016
SQL: 00000
Affected rows: 0
Found 0 players
Request for code: 6D0B7F
SQL: 00000
Affected rows: 1
Found 1 players
Request for code: 6D0B7F
SQL: 00000
Affected rows: 1
Found 1 players
Request for code: 6D0B7F
SQL: 00000
Affected rows: 1
Found 1 players

[2025-07-01 17:15:41] Request for code: 6D0B7F

[2025-07-01 17:15:46] Request for code: 6D0B7F

[2025-07-01 17:15:51] Request for code: 0C2016

[2025-07-01 17:15:51] Request for code: 6D0B7F

[2025-07-01 17:15:56] Request for code: 6D0B7F

[2025-07-01 17:16:01] Request for code: 6D0B7F

[2025-07-01 17:16:06] Request for code: 6D0B7F

[2025-07-01 17:16:11] Request for code: 6D0B7F

[2025-07-01 17:16:37] Request for code: 6D0B7F
Request for code: 6D0B7F
SQL: 00000
Affected rows: 1
Found 1 players
Request for code: 6D0B7F
SQL: 00000
Affected rows: 1
Found 1 players
Request for code: 6D0B7F
SQL: 00000
Affected rows: 1
Found 1 players
Request for code: 6D0B7F
SQL: 00000
Affected rows: 1
Found 1 players
Request for code: 0C2016
SQL: 00000
Affected rows: 0
Found 0 players
Request for code: 6D0B7F
SQL: 00000
Affected rows: 1
Found 1 players
Request for code: 6D0B7F
SQL: 00000
Affected rows: 1
Found 1 players
Request for code: 6D0B7F
SQL: 00000
Affected rows: 1
Found 1 players
Request for code: 6D0B7F
SQL: 00000
Affected rows: 1
Found 1 players
Request for code: 6D0B7F
SQL: 00000
Affected rows: 1
Found 1 players
Request for code: 6D0B7F
SQL: 00000
Affected rows: 1
Found 1 players
Request for code: 6D0B7F
SQL: 00000
Affected rows: 1
Found 1 players
Request for code: 6D0B7F
SQL: 00000
Affected rows: 1
Found 1 players
Request for code: 6D0B7F
SQL: 00000
Affected rows: 1
Found 1 players
Request for code: 6D0B7F
SQL: 00000
Affected rows: 1
Found 1 players
Request for code: 6D0B7F
SQL: 00000
Affected rows: 1
Found 1 players
Request for code: 6D0B7F
SQL: 00000
Affected rows: 1
Found 1 players
Request for code: 6D0B7F
SQL: 00000
Affected rows: 1
Found 1 players
Request for code: 6D0B7F
SQL: 00000
Affected rows: 1
Found 1 players
Request for code: 6D0B7F
SQL: 00000
Affected rows: 1
Found 1 players
Request for code: 6D0B7F
SQL: 00000
Affected rows: 1
Found 1 players
Request for code: 6D0B7F
SQL: 00000
Affected rows: 1
Found 1 players
Request for code: 6D0B7F
SQL: 00000
Affected rows: 1
Found 1 players
Request for code: 6D0B7F
SQL: 00000
Affected rows: 1
Found 1 players
Request for code: 6D0B7F
SQL: 00000
Affected rows: 1
Found 1 players
Request for code: 6D0B7F
SQL: 00000
Affected rows: 1
Found 1 players
Request for code: 6D0B7F
SQL: 00000
Affected rows: 1
Found 1 players
Request for code: 6D0B7F
SQL: 00000
Affected rows: 1
Found 1 players
Request for code: 6D0B7F
SQL: 00000
Affected rows: 1
Found 1 players
Request for code: 6D0B7F
SQL: 00000
Affected rows: 1
Found 1 players
Request for code: 6D0B7F
SQL: 00000
Affected rows: 1
Found 1 players
Request for code: 6D0B7F
SQL: 00000
Affected rows: 1
Found 1 players
Request for code: 6D0B7F
SQL: 00000
Affected rows: 1
Found 1 players
Request for code: 6D0B7F
SQL: 00000
Affected rows: 1
Found 1 players
Request for code: 6D0B7F
SQL: 00000
Affected rows: 1
Found 1 players
Request for code: 6D0B7F
SQL: 00000
Affected rows: 1
Found 1 players
Request for code: 6D0B7F
SQL: 00000
Affected rows: 1
Found 1 players
Request for code: 6D0B7F
SQL: 00000
Affected rows: 1
Found 1 players
Request for code: 6D0B7F
SQL: 00000
Affected rows: 1
Found 1 players
Request for code: 6D0B7F
SQL: 00000
Affected rows: 1
Found 1 players
Request for code: 6D0B7F
Executing query: SELECT player_id, player_name, DATE_FORMAT(joined_at, '%H:%i') as join_time FROM players WHERE session_code = ?
Request for code: 6D0B7F
Executing query: SELECT player_id, player_name, DATE_FORMAT(joined_at, '%H:%i') as join_time FROM players WHERE session_code = ?
Request for code: 6D0B7F
Executing query: SELECT player_id, player_name, DATE_FORMAT(joined_at, '%H:%i') as join_time FROM players WHERE session_code = ?
Request for code: 0C2016
Executing query: SELECT player_id, player_name, DATE_FORMAT(joined_at, '%H:%i') as join_time FROM players WHERE session_code = ?
Request for code: 6D0B7F
Executing query: SELECT player_id, player_name, DATE_FORMAT(joined_at, '%H:%i') as join_time FROM players WHERE session_code = ?
Request for code: 6D0B7F
Executing query: SELECT player_id, player_name, DATE_FORMAT(joined_at, '%H:%i') as join_time FROM players WHERE session_code = ?
Request for code: 6D0B7F
Executing query: SELECT player_id, player_name, DATE_FORMAT(joined_at, '%H:%i') as join_time FROM players WHERE session_code = ?
Request for code: 6D0B7F
Executing query: SELECT player_id, player_name, DATE_FORMAT(joined_at, '%H:%i') as join_time FROM players WHERE session_code = ?
Request for code: 6D0B7F
Executing query: SELECT player_id, player_name, DATE_FORMAT(joined_at, '%H:%i') as join_time FROM players WHERE session_code = ?
Request for code: 6D0B7F
Executing query: SELECT player_id, player_name, DATE_FORMAT(joined_at, '%H:%i') as join_time FROM players WHERE session_code = ?
Request for code: 6D0B7F
Executing query: SELECT player_id, player_name, DATE_FORMAT(joined_at, '%H:%i') as join_time FROM players WHERE session_code = ?
Request for code: 6D0B7F
Executing query: SELECT player_id, player_name, DATE_FORMAT(joined_at, '%H:%i') as join_time FROM players WHERE session_code = ?
Request for code: 6D0B7F
Executing query: SELECT player_id, player_name, DATE_FORMAT(joined_at, '%H:%i') as join_time FROM players WHERE session_code = ?
Request for code: 6D0B7F
Executing query: SELECT player_id, player_name, DATE_FORMAT(joined_at, '%H:%i') as join_time FROM players WHERE session_code = ?
Request for code: 6D0B7F
Executing query: SELECT player_id, player_name, DATE_FORMAT(joined_at, '%H:%i') as join_time FROM players WHERE session_code = ?
Request for code: 6D0B7F
Executing query: SELECT player_id, player_name, DATE_FORMAT(joined_at, '%H:%i') as join_time FROM players WHERE session_code = ?
Request for code: 6D0B7F
Executing query: SELECT player_id, player_name, DATE_FORMAT(joined_at, '%H:%i') as join_time FROM players WHERE session_code = ?
Request for code: 6D0B7F
Executing query: SELECT player_id, player_name, DATE_FORMAT(joined_at, '%H:%i') as join_time FROM players WHERE session_code = ?
Request for code: 6D0B7F
Executing query: SELECT player_id, player_name, DATE_FORMAT(joined_at, '%H:%i') as join_time FROM players WHERE session_code = ?
Request for code: 6D0B7F
Executing query: SELECT player_id, player_name, DATE_FORMAT(joined_at, '%H:%i') as join_time FROM players WHERE session_code = ?
Request for code: 6D0B7F
Executing query: SELECT player_id, player_name, DATE_FORMAT(joined_at, '%H:%i') as join_time FROM players WHERE session_code = ?
Request for code: 6D0B7F
Executing query: SELECT player_id, player_name, DATE_FORMAT(joined_at, '%H:%i') as join_time FROM players WHERE session_code = ?
Request for code: 6D0B7F
Executing query: SELECT player_id, player_name, DATE_FORMAT(joined_at, '%H:%i') as join_time FROM players WHERE session_code = ?
Request for code: 6D0B7F
Executing query: SELECT player_id, player_name, DATE_FORMAT(joined_at, '%H:%i') as join_time FROM players WHERE session_code = ?
Request for code: 6D0B7F
Executing query: SELECT player_id, player_name, DATE_FORMAT(joined_at, '%H:%i') as join_time FROM players WHERE session_code = ?
Request for code: 6D0B7F
Executing query: SELECT player_id, player_name, DATE_FORMAT(joined_at, '%H:%i') as join_time FROM players WHERE session_code = ?
Request for code: 6D0B7F
Executing query: SELECT player_id, player_name, DATE_FORMAT(joined_at, '%H:%i') as join_time FROM players WHERE session_code = ?
Request for code: 6D0B7F
Executing query: SELECT player_id, player_name, DATE_FORMAT(joined_at, '%H:%i') as join_time FROM players WHERE session_code = ?
Request for code: 6D0B7F
Executing query: SELECT player_id, player_name, DATE_FORMAT(joined_at, '%H:%i') as join_time FROM players WHERE session_code = ?
Request for code: 6D0B7F
Executing query: SELECT player_id, player_name, DATE_FORMAT(joined_at, '%H:%i') as join_time FROM players WHERE session_code = ?
Request for code: 6D0B7F
Executing query: SELECT player_id, player_name, DATE_FORMAT(joined_at, '%H:%i') as join_time FROM players WHERE session_code = ?
Request for code: 6D0B7F
Executing query: SELECT player_id, player_name, DATE_FORMAT(joined_at, '%H:%i') as join_time FROM players WHERE session_code = ?
Request for code: 6D0B7F
Executing query: SELECT player_id, player_name, DATE_FORMAT(joined_at, '%H:%i') as join_time FROM players WHERE session_code = ?
Request for code: 6D0B7F
Executing query: SELECT player_id, player_name, DATE_FORMAT(joined_at, '%H:%i') as join_time FROM players WHERE session_code = ?
Request for code: 6D0B7F
Executing query: SELECT player_id, player_name, DATE_FORMAT(joined_at, '%H:%i') as join_time FROM players WHERE session_code = ?
Request for code: 6D0B7F
Executing query: SELECT player_id, player_name, DATE_FORMAT(joined_at, '%H:%i') as join_time FROM players WHERE session_code = ?
Request for code: 6D0B7F
Executing query: SELECT player_id, player_name, DATE_FORMAT(joined_at, '%H:%i') as join_time FROM players WHERE session_code = ?
Request for code: 6D0B7F
Executing query: SELECT player_id, player_name, DATE_FORMAT(joined_at, '%H:%i') as join_time FROM players WHERE session_code = ?
Request for code: 6D0B7F
Executing query: SELECT player_id, player_name, DATE_FORMAT(joined_at, '%H:%i') as join_time FROM players WHERE session_code = ?
Request for code: 6D0B7F
Executing query: SELECT player_id, player_name, DATE_FORMAT(joined_at, '%H:%i') as join_time FROM players WHERE session_code = ?
Request for code: 6D0B7F
Executing query: SELECT player_id, player_name, DATE_FORMAT(joined_at, '%H:%i') as join_time FROM players WHERE session_code = ?
Request for code: 6D0B7F
Executing query: SELECT player_id, player_name, DATE_FORMAT(joined_at, '%H:%i') as join_time FROM players WHERE session_code = ?
Request for code: 6D0B7F
Executing query: SELECT player_id, player_name, DATE_FORMAT(joined_at, '%H:%i') as join_time FROM players WHERE session_code = ?
Request for code: 6D0B7F
Executing query: SELECT player_id, player_name, DATE_FORMAT(joined_at, '%H:%i') as join_time FROM players WHERE session_code = ?
Request for code: 6D0B7F
Executing query: SELECT player_id, player_name, DATE_FORMAT(joined_at, '%H:%i') as join_time FROM players WHERE session_code = ?
Request for code: 6D0B7F
Executing query: SELECT player_id, player_name, DATE_FORMAT(joined_at, '%H:%i') as join_time FROM players WHERE session_code = ?
Request for code: 6D0B7F
Executing query: SELECT player_id, player_name, DATE_FORMAT(joined_at, '%H:%i') as join_time FROM players WHERE session_code = ?
Request for code: 6D0B7F
Executing query: SELECT player_id, player_name, DATE_FORMAT(joined_at, '%H:%i') as join_time FROM players WHERE session_code = ?
Request for code: 6D0B7F
Executing query: SELECT player_id, player_name, DATE_FORMAT(joined_at, '%H:%i') as join_time FROM players WHERE session_code = ?
Request for code: 6D0B7F
Executing query: SELECT player_id, player_name, DATE_FORMAT(joined_at, '%H:%i') as join_time FROM players WHERE session_code = ?
Request for code: 6D0B7F
Executing query: SELECT player_id, player_name, DATE_FORMAT(joined_at, '%H:%i') as join_time FROM players WHERE session_code = ?
Request for code: 6D0B7F
Executing query: SELECT player_id, player_name, DATE_FORMAT(joined_at, '%H:%i') as join_time FROM players WHERE session_code = ?
Request for code: 6D0B7F
Executing query: SELECT player_id, player_name, DATE_FORMAT(joined_at, '%H:%i') as join_time FROM players WHERE session_code = ?
Request for code: 6D0B7F
Executing query: SELECT player_id, player_name, DATE_FORMAT(joined_at, '%H:%i') as join_time FROM players WHERE session_code = ?
Request for code: 6D0B7F
Executing query: SELECT player_id, player_name, DATE_FORMAT(joined_at, '%H:%i') as join_time FROM players WHERE session_code = ?
Request for code: 6D0B7F
Executing query: SELECT player_id, player_name, DATE_FORMAT(joined_at, '%H:%i') as join_time FROM players WHERE session_code = ?
Request for code: 6D0B7F
Executing query: SELECT player_id, player_name, DATE_FORMAT(joined_at, '%H:%i') as join_time FROM players WHERE session_code = ?
Request for code: 6D0B7F
Executing query: SELECT player_id, player_name, DATE_FORMAT(joined_at, '%H:%i') as join_time FROM players WHERE session_code = ?
Request for code: 6D0B7F
Executing query: SELECT player_id, player_name, DATE_FORMAT(joined_at, '%H:%i') as join_time FROM players WHERE session_code = ?
Request for code: 6D0B7F
Executing query: SELECT player_id, player_name, DATE_FORMAT(joined_at, '%H:%i') as join_time FROM players WHERE session_code = ?
Request for code: 6D0B7F
Executing query: SELECT player_id, player_name, DATE_FORMAT(joined_at, '%H:%i') as join_time FROM players WHERE session_code = ?
Request for code: 6D0B7F
Executing query: SELECT player_id, player_name, DATE_FORMAT(joined_at, '%H:%i') as join_time FROM players WHERE session_code = ?
Request for code: 6D0B7F
Executing query: SELECT player_id, player_name, DATE_FORMAT(joined_at, '%H:%i') as join_time FROM players WHERE session_code = ?
Request for code: 6D0B7F
Executing query: SELECT player_id, player_name, DATE_FORMAT(joined_at, '%H:%i') as join_time FROM players WHERE session_code = ?
Request for code: 6D0B7F
Executing query: SELECT player_id, player_name, DATE_FORMAT(joined_at, '%H:%i') as join_time FROM players WHERE session_code = ?
Request for code: 6D0B7F
Executing query: SELECT player_id, player_name, DATE_FORMAT(joined_at, '%H:%i') as join_time FROM players WHERE session_code = ?
Request for code: 6D0B7F
Executing query: SELECT player_id, player_name, DATE_FORMAT(joined_at, '%H:%i') as join_time FROM players WHERE session_code = ?
Request for code: 6D0B7F
Executing query: SELECT player_id, player_name, DATE_FORMAT(joined_at, '%H:%i') as join_time FROM players WHERE session_code = ?
Request for code: 6D0B7F
Executing query: SELECT player_id, player_name, DATE_FORMAT(joined_at, '%H:%i') as join_time FROM players WHERE session_code = ?
Request for code: 6D0B7F
Executing query: SELECT player_id, player_name, DATE_FORMAT(joined_at, '%H:%i') as join_time FROM players WHERE session_code = ?
Request for code: 6D0B7F
Executing query: SELECT player_id, player_name, DATE_FORMAT(joined_at, '%H:%i') as join_time FROM players WHERE session_code = ?
Request for code: 6D0B7F
Executing query: SELECT player_id, player_name, DATE_FORMAT(joined_at, '%H:%i') as join_time FROM players WHERE session_code = ?
Request for code: 6D0B7F
Executing query: SELECT player_id, player_name, DATE_FORMAT(joined_at, '%H:%i') as join_time FROM players WHERE session_code = ?
Request for code: 6D0B7F
Executing query: SELECT player_id, player_name, DATE_FORMAT(joined_at, '%H:%i') as join_time FROM players WHERE session_code = ?
Request for code: 6D0B7F
Executing query: SELECT player_id, player_name, DATE_FORMAT(joined_at, '%H:%i') as join_time FROM players WHERE session_code = ?
Request for code: 6D0B7F
Executing query: SELECT player_id, player_name, DATE_FORMAT(joined_at, '%H:%i') as join_time FROM players WHERE session_code = ?
Request for code: 6D0B7F
Executing query: SELECT player_id, player_name, DATE_FORMAT(joined_at, '%H:%i') as join_time FROM players WHERE session_code = ?
Request for code: 6D0B7F
Executing query: SELECT player_id, player_name, DATE_FORMAT(joined_at, '%H:%i') as join_time FROM players WHERE session_code = ?
Request for code: 6D0B7F
Executing query: SELECT player_id, player_name, DATE_FORMAT(joined_at, '%H:%i') as join_time FROM players WHERE session_code = ?
Request for code: 6D0B7F
Executing query: SELECT player_id, player_name, DATE_FORMAT(joined_at, '%H:%i') as join_time FROM players WHERE session_code = ?
Request for code: 6D0B7F
Executing query: SELECT player_id, player_name, DATE_FORMAT(joined_at, '%H:%i') as join_time FROM players WHERE session_code = ?
Request for code: 6D0B7F
Executing query: SELECT player_id, player_name, DATE_FORMAT(joined_at, '%H:%i') as join_time FROM players WHERE session_code = ?
Request for code: 6D0B7F
Executing query: SELECT player_id, player_name, DATE_FORMAT(joined_at, '%H:%i') as join_time FROM players WHERE session_code = ?
Request for code: 6D0B7F
Executing query: SELECT player_id, player_name, DATE_FORMAT(joined_at, '%H:%i') as join_time FROM players WHERE session_code = ?
Request for code: 6D0B7F
Executing query: SELECT player_id, player_name, DATE_FORMAT(joined_at, '%H:%i') as join_time FROM players WHERE session_code = ?
Request for code: 6D0B7F
Executing query: SELECT player_id, player_name, DATE_FORMAT(joined_at, '%H:%i') as join_time FROM players WHERE session_code = ?
Request for code: 6D0B7F
Executing query: SELECT player_id, player_name, DATE_FORMAT(joined_at, '%H:%i') as join_time FROM players WHERE session_code = ?
Request for code: 6D0B7F
Executing query: SELECT player_id, player_name, DATE_FORMAT(joined_at, '%H:%i') as join_time FROM players WHERE session_code = ?
Request for code: 6D0B7F
Executing query: SELECT player_id, player_name, DATE_FORMAT(joined_at, '%H:%i') as join_time FROM players WHERE session_code = ?
Request for code: 6D0B7F
Executing query: SELECT player_id, player_name, DATE_FORMAT(joined_at, '%H:%i') as join_time FROM players WHERE session_code = ?
Request for code: 6D0B7F
Executing query: SELECT player_id, player_name, DATE_FORMAT(joined_at, '%H:%i') as join_time FROM players WHERE session_code = ?
Request for code: 6D0B7F
Executing query: SELECT player_id, player_name, DATE_FORMAT(joined_at, '%H:%i') as join_time FROM players WHERE session_code = ?
Request for code: 6D0B7F
Executing query: SELECT player_id, player_name, DATE_FORMAT(joined_at, '%H:%i') as join_time FROM players WHERE session_code = ?
Request for code: 6D0B7F
Executing query: SELECT player_id, player_name, DATE_FORMAT(joined_at, '%H:%i') as join_time FROM players WHERE session_code = ?
Request for code: 6D0B7F
Executing query: SELECT player_id, player_name, DATE_FORMAT(joined_at, '%H:%i') as join_time FROM players WHERE session_code = ?
Request for code: 6D0B7F
Executing query: SELECT player_id, player_name, DATE_FORMAT(joined_at, '%H:%i') as join_time FROM players WHERE session_code = ?
Request for code: 6D0B7F
Executing query: SELECT player_id, player_name, DATE_FORMAT(joined_at, '%H:%i') as join_time FROM players WHERE session_code = ?
Request for code: 6D0B7F
Executing query: SELECT player_id, player_name, DATE_FORMAT(joined_at, '%H:%i') as join_time FROM players WHERE session_code = ?
Request for code: 6D0B7F
Executing query: SELECT player_id, player_name, DATE_FORMAT(joined_at, '%H:%i') as join_time FROM players WHERE session_code = ?
Request for code: 6D0B7F
Executing query: SELECT player_id, player_name, DATE_FORMAT(joined_at, '%H:%i') as join_time FROM players WHERE session_code = ?
Request for code: 6D0B7F
Executing query: SELECT player_id, player_name, DATE_FORMAT(joined_at, '%H:%i') as join_time FROM players WHERE session_code = ?
Request for code: 6D0B7F
Executing query: SELECT player_id, player_name, DATE_FORMAT(joined_at, '%H:%i') as join_time FROM players WHERE session_code = ?
Request for code: 6D0B7F
Executing query: SELECT player_id, player_name, DATE_FORMAT(joined_at, '%H:%i') as join_time FROM players WHERE session_code = ?
Request for code: 6D0B7F
Executing query: SELECT player_id, player_name, DATE_FORMAT(joined_at, '%H:%i') as join_time FROM players WHERE session_code = ?
Request for code: 6D0B7F
Executing query: SELECT player_id, player_name, DATE_FORMAT(joined_at, '%H:%i') as join_time FROM players WHERE session_code = ?
Request for code: 6D0B7F
Executing query: SELECT player_id, player_name, DATE_FORMAT(joined_at, '%H:%i') as join_time FROM players WHERE session_code = ?
Request for code: 6D0B7F
Executing query: SELECT player_id, player_name, DATE_FORMAT(joined_at, '%H:%i') as join_time FROM players WHERE session_code = ?
Request for code: 6D0B7F
Executing query: SELECT player_id, player_name, DATE_FORMAT(joined_at, '%H:%i') as join_time FROM players WHERE session_code = ?
Request for code: 6D0B7F
Executing query: SELECT player_id, player_name, DATE_FORMAT(joined_at, '%H:%i') as join_time FROM players WHERE session_code = ?
Request for code: 6D0B7F
Executing query: SELECT player_id, player_name, DATE_FORMAT(joined_at, '%H:%i') as join_time FROM players WHERE session_code = ?
Request for code: 6D0B7F
Executing query: SELECT player_id, player_name, DATE_FORMAT(joined_at, '%H:%i') as join_time FROM players WHERE session_code = ?
Request for code: 6D0B7F
Executing query: SELECT player_id, player_name, DATE_FORMAT(joined_at, '%H:%i') as join_time FROM players WHERE session_code = ?
Request for code: 6D0B7F
Executing query: SELECT player_id, player_name, DATE_FORMAT(joined_at, '%H:%i') as join_time FROM players WHERE session_code = ?
Request for code: 6D0B7F
Executing query: SELECT player_id, player_name, DATE_FORMAT(joined_at, '%H:%i') as join_time FROM players WHERE session_code = ?
Request for code: 6D0B7F
Executing query: SELECT player_id, player_name, DATE_FORMAT(joined_at, '%H:%i') as join_time FROM players WHERE session_code = ?
Request for code: 6D0B7F
Executing query: SELECT player_id, player_name, DATE_FORMAT(joined_at, '%H:%i') as join_time FROM players WHERE session_code = ?
Request for code: 6D0B7F
Executing query: SELECT player_id, player_name, DATE_FORMAT(joined_at, '%H:%i') as join_time FROM players WHERE session_code = ?
Request for code: 6D0B7F
Executing query: SELECT player_id, player_name, DATE_FORMAT(joined_at, '%H:%i') as join_time FROM players WHERE session_code = ?
Request for code: 6D0B7F
Executing query: SELECT player_id, player_name, DATE_FORMAT(joined_at, '%H:%i') as join_time FROM players WHERE session_code = ?
Request for code: 6D0B7F
Executing query: SELECT player_id, player_name, DATE_FORMAT(joined_at, '%H:%i') as join_time FROM players WHERE session_code = ?
Request for code: 6D0B7F
Executing query: SELECT player_id, player_name, DATE_FORMAT(joined_at, '%H:%i') as join_time FROM players WHERE session_code = ?
Request for code: 6D0B7F
Executing query: SELECT player_id, player_name, DATE_FORMAT(joined_at, '%H:%i') as join_time FROM players WHERE session_code = ?
Request for code: 6D0B7F
Executing query: SELECT player_id, player_name, DATE_FORMAT(joined_at, '%H:%i') as join_time FROM players WHERE session_code = ?
Request for code: 6D0B7F
Executing query: SELECT player_id, player_name, DATE_FORMAT(joined_at, '%H:%i') as join_time FROM players WHERE session_code = ?
Request for code: 6D0B7F
Executing query: SELECT player_id, player_name, DATE_FORMAT(joined_at, '%H:%i') as join_time FROM players WHERE session_code = ?
Request for code: 6D0B7F
Executing query: SELECT player_id, player_name, DATE_FORMAT(joined_at, '%H:%i') as join_time FROM players WHERE session_code = ?
Request for code: 6D0B7F
Executing query: SELECT player_id, player_name, DATE_FORMAT(joined_at, '%H:%i') as join_time FROM players WHERE session_code = ?
Request for code: 6D0B7F
Executing query: SELECT player_id, player_name, DATE_FORMAT(joined_at, '%H:%i') as join_time FROM players WHERE session_code = ?
Request for code: 6D0B7F
Executing query: SELECT player_id, player_name, DATE_FORMAT(joined_at, '%H:%i') as join_time FROM players WHERE session_code = ?
Request for code: 6D0B7F
Executing query: SELECT player_id, player_name, DATE_FORMAT(joined_at, '%H:%i') as join_time FROM players WHERE session_code = ?
Request for code: 6D0B7F
Executing query: SELECT player_id, player_name, DATE_FORMAT(joined_at, '%H:%i') as join_time FROM players WHERE session_code = ?
Request for code: 6D0B7F
Executing query: SELECT player_id, player_name, DATE_FORMAT(joined_at, '%H:%i') as join_time FROM players WHERE session_code = ?
Request for code: 6D0B7F
Executing query: SELECT player_id, player_name, DATE_FORMAT(joined_at, '%H:%i') as join_time FROM players WHERE session_code = ?
Request for code: 6D0B7F
Executing query: SELECT player_id, player_name, DATE_FORMAT(joined_at, '%H:%i') as join_time FROM players WHERE session_code = ?
Request for code: 6D0B7F
Executing query: SELECT player_id, player_name, DATE_FORMAT(joined_at, '%H:%i') as join_time FROM players WHERE session_code = ?
Request for code: 6D0B7F
Executing query: SELECT player_id, player_name, DATE_FORMAT(joined_at, '%H:%i') as join_time FROM players WHERE session_code = ?
Request for code: 6D0B7F
Executing query: SELECT player_id, player_name, DATE_FORMAT(joined_at, '%H:%i') as join_time FROM players WHERE session_code = ?
Request for code: 6D0B7F
Executing query: SELECT player_id, player_name, DATE_FORMAT(joined_at, '%H:%i') as join_time FROM players WHERE session_code = ?
Request for code: 6D0B7F
Executing query: SELECT player_id, player_name, DATE_FORMAT(joined_at, '%H:%i') as join_time FROM players WHERE session_code = ?
Request for code: 6D0B7F
Executing query: SELECT player_id, player_name, DATE_FORMAT(joined_at, '%H:%i') as join_time FROM players WHERE session_code = ?
Request for code: 6D0B7F
Executing query: SELECT player_id, player_name, DATE_FORMAT(joined_at, '%H:%i') as join_time FROM players WHERE session_code = ?
Request for code: 6D0B7F
Executing query: SELECT player_id, player_name, DATE_FORMAT(joined_at, '%H:%i') as join_time FROM players WHERE session_code = ?
Request for code: 6D0B7F
Executing query: SELECT player_id, player_name, DATE_FORMAT(joined_at, '%H:%i') as join_time FROM players WHERE session_code = ?
Request for code: 6D0B7F
Executing query: SELECT player_id, player_name, DATE_FORMAT(joined_at, '%H:%i') as join_time FROM players WHERE session_code = ?
Request for code: 6D0B7F
Executing query: SELECT player_id, player_name, DATE_FORMAT(joined_at, '%H:%i') as join_time FROM players WHERE session_code = ?
Request for code: 6D0B7F
Executing query: SELECT player_id, player_name, DATE_FORMAT(joined_at, '%H:%i') as join_time FROM players WHERE session_code = ?
Request for code: 6D0B7F
Executing query: SELECT player_id, player_name, DATE_FORMAT(joined_at, '%H:%i') as join_time FROM players WHERE session_code = ?
Request for code: 6D0B7F
Executing query: SELECT player_id, player_name, DATE_FORMAT(joined_at, '%H:%i') as join_time FROM players WHERE session_code = ?
Request for code: 6D0B7F
Executing query: SELECT player_id, player_name, DATE_FORMAT(joined_at, '%H:%i') as join_time FROM players WHERE session_code = ?
Request for code: 6D0B7F
Executing query: SELECT player_id, player_name, DATE_FORMAT(joined_at, '%H:%i') as join_time FROM players WHERE session_code = ?
Request for code: 6D0B7F
Executing query: SELECT player_id, player_name, DATE_FORMAT(joined_at, '%H:%i') as join_time FROM players WHERE session_code = ?
Request for code: 6D0B7F
Executing query: SELECT player_id, player_name, DATE_FORMAT(joined_at, '%H:%i') as join_time FROM players WHERE session_code = ?
Request for code: 6D0B7F
Executing query: SELECT player_id, player_name, DATE_FORMAT(joined_at, '%H:%i') as join_time FROM players WHERE session_code = ?
Request for code: 6D0B7F
Executing query: SELECT player_id, player_name, DATE_FORMAT(joined_at, '%H:%i') as join_time FROM players WHERE session_code = ?
Request for code: 6D0B7F
Executing query: SELECT player_id, player_name, DATE_FORMAT(joined_at, '%H:%i') as join_time FROM players WHERE session_code = ?
Request for code: 6D0B7F
Executing query: SELECT player_id, player_name, DATE_FORMAT(joined_at, '%H:%i') as join_time FROM players WHERE session_code = ?
Request for code: 6D0B7F
Executing query: SELECT player_id, player_name, DATE_FORMAT(joined_at, '%H:%i') as join_time FROM players WHERE session_code = ?
Request for code: 6D0B7F
Executing query: SELECT player_id, player_name, DATE_FORMAT(joined_at, '%H:%i') as join_time FROM players WHERE session_code = ?
Request for code: 6D0B7F
Executing query: SELECT player_id, player_name, DATE_FORMAT(joined_at, '%H:%i') as join_time FROM players WHERE session_code = ?
Request for code: 6D0B7F
Executing query: SELECT player_id, player_name, DATE_FORMAT(joined_at, '%H:%i') as join_time FROM players WHERE session_code = ?
Request for code: 6D0B7F
Executing query: SELECT player_id, player_name, DATE_FORMAT(joined_at, '%H:%i') as join_time FROM players WHERE session_code = ?
Request for code: 6D0B7F
Executing query: SELECT player_id, player_name, DATE_FORMAT(joined_at, '%H:%i') as join_time FROM players WHERE session_code = ?
Request for code: 6D0B7F
Executing query: SELECT player_id, player_name, DATE_FORMAT(joined_at, '%H:%i') as join_time FROM players WHERE session_code = ?
Request for code: 6D0B7F
Executing query: SELECT player_id, player_name, DATE_FORMAT(joined_at, '%H:%i') as join_time FROM players WHERE session_code = ?
Request for code: 6D0B7F
Executing query: SELECT player_id, player_name, DATE_FORMAT(joined_at, '%H:%i') as join_time FROM players WHERE session_code = ?
Request for code: 6D0B7F
Executing query: SELECT player_id, player_name, DATE_FORMAT(joined_at, '%H:%i') as join_time FROM players WHERE session_code = ?
Request for code: 6D0B7F
Executing query: SELECT player_id, player_name, DATE_FORMAT(joined_at, '%H:%i') as join_time FROM players WHERE session_code = ?
Request for code: 6D0B7F
Executing query: SELECT player_id, player_name, DATE_FORMAT(joined_at, '%H:%i') as join_time FROM players WHERE session_code = ?
Request for code: 6D0B7F
Executing query: SELECT player_id, player_name, DATE_FORMAT(joined_at, '%H:%i') as join_time FROM players WHERE session_code = ?
Request for code: 6D0B7F
Executing query: SELECT player_id, player_name, DATE_FORMAT(joined_at, '%H:%i') as join_time FROM players WHERE session_code = ?
Request for code: 6D0B7F
Executing query: SELECT player_id, player_name, DATE_FORMAT(joined_at, '%H:%i') as join_time FROM players WHERE session_code = ?
Request for code: 6D0B7F
Executing query: SELECT player_id, player_name, DATE_FORMAT(joined_at, '%H:%i') as join_time FROM players WHERE session_code = ?
Request for code: 6D0B7F
Executing query: SELECT player_id, player_name, DATE_FORMAT(joined_at, '%H:%i') as join_time FROM players WHERE session_code = ?
Request for code: 6D0B7F
Executing query: SELECT player_id, player_name, DATE_FORMAT(joined_at, '%H:%i') as join_time FROM players WHERE session_code = ?
Request for code: 6D0B7F
Executing query: SELECT player_id, player_name, DATE_FORMAT(joined_at, '%H:%i') as join_time FROM players WHERE session_code = ?
Request for code: 6D0B7F
Executing query: SELECT player_id, player_name, DATE_FORMAT(joined_at, '%H:%i') as join_time FROM players WHERE session_code = ?
Request for code: 6D0B7F
Executing query: SELECT player_id, player_name, DATE_FORMAT(joined_at, '%H:%i') as join_time FROM players WHERE session_code = ?
Request for code: 6D0B7F
Executing query: SELECT player_id, player_name, DATE_FORMAT(joined_at, '%H:%i') as join_time FROM players WHERE session_code = ?
Request for code: 6D0B7F
Executing query: SELECT player_id, player_name, DATE_FORMAT(joined_at, '%H:%i') as join_time FROM players WHERE session_code = ?
Request for code: 6D0B7F
Executing query: SELECT player_id, player_name, DATE_FORMAT(joined_at, '%H:%i') as join_time FROM players WHERE session_code = ?
Request for code: 6D0B7F
Executing query: SELECT player_id, player_name, DATE_FORMAT(joined_at, '%H:%i') as join_time FROM players WHERE session_code = ?
Request for code: 6D0B7F
Executing query: SELECT player_id, player_name, DATE_FORMAT(joined_at, '%H:%i') as join_time FROM players WHERE session_code = ?
Request for code: 6D0B7F
Executing query: SELECT player_id, player_name, DATE_FORMAT(joined_at, '%H:%i') as join_time FROM players WHERE session_code = ?
Request for code: 6D0B7F
Executing query: SELECT player_id, player_name, DATE_FORMAT(joined_at, '%H:%i') as join_time FROM players WHERE session_code = ?
Request for code: 6D0B7F
Executing query: SELECT player_id, player_name, DATE_FORMAT(joined_at, '%H:%i') as join_time FROM players WHERE session_code = ?
Request for code: 6D0B7F
Executing query: SELECT player_id, player_name, DATE_FORMAT(joined_at, '%H:%i') as join_time FROM players WHERE session_code = ?
Request for code: 6D0B7F
Executing query: SELECT player_id, player_name, DATE_FORMAT(joined_at, '%H:%i') as join_time FROM players WHERE session_code = ?
Request for code: 6D0B7F
Executing query: SELECT player_id, player_name, DATE_FORMAT(joined_at, '%H:%i') as join_time FROM players WHERE session_code = ?
Request for code: 6D0B7F
Executing query: SELECT player_id, player_name, DATE_FORMAT(joined_at, '%H:%i') as join_time FROM players WHERE session_code = ?
Request for code: 6D0B7F
Executing query: SELECT player_id, player_name, DATE_FORMAT(joined_at, '%H:%i') as join_time FROM players WHERE session_code = ?
Request for code: 6D0B7F
Executing query: SELECT player_id, player_name, DATE_FORMAT(joined_at, '%H:%i') as join_time FROM players WHERE session_code = ?
Request for code: 6D0B7F
Executing query: SELECT player_id, player_name, DATE_FORMAT(joined_at, '%H:%i') as join_time FROM players WHERE session_code = ?
Request for code: 6D0B7F
Executing query: SELECT player_id, player_name, DATE_FORMAT(joined_at, '%H:%i') as join_time FROM players WHERE session_code = ?
Request for code: 6D0B7F
Executing query: SELECT player_id, player_name, DATE_FORMAT(joined_at, '%H:%i') as join_time FROM players WHERE session_code = ?
Request for code: 6D0B7F
Executing query: SELECT player_id, player_name, DATE_FORMAT(joined_at, '%H:%i') as join_time FROM players WHERE session_code = ?
Request for code: 6D0B7F
Executing query: SELECT player_id, player_name, DATE_FORMAT(joined_at, '%H:%i') as join_time FROM players WHERE session_code = ?
Request for code: 6D0B7F
Executing query: SELECT player_id, player_name, DATE_FORMAT(joined_at, '%H:%i') as join_time FROM players WHERE session_code = ?
Request for code: 6D0B7F
Executing query: SELECT player_id, player_name, DATE_FORMAT(joined_at, '%H:%i') as join_time FROM players WHERE session_code = ?
Request for code: 6D0B7F
Executing query: SELECT player_id, player_name, DATE_FORMAT(joined_at, '%H:%i') as join_time FROM players WHERE session_code = ?
Request for code: 6D0B7F
Executing query: SELECT player_id, player_name, DATE_FORMAT(joined_at, '%H:%i') as join_time FROM players WHERE session_code = ?
Request for code: 6D0B7F
Executing query: SELECT player_id, player_name, DATE_FORMAT(joined_at, '%H:%i') as join_time FROM players WHERE session_code = ?
Request for code: 6D0B7F
Executing query: SELECT player_id, player_name, DATE_FORMAT(joined_at, '%H:%i') as join_time FROM players WHERE session_code = ?
Request for code: 6D0B7F
Executing query: SELECT player_id, player_name, DATE_FORMAT(joined_at, '%H:%i') as join_time FROM players WHERE session_code = ?
Request for code: 6D0B7F
Executing query: SELECT player_id, player_name, DATE_FORMAT(joined_at, '%H:%i') as join_time FROM players WHERE session_code = ?
Request for code: 6D0B7F
Executing query: SELECT player_id, player_name, DATE_FORMAT(joined_at, '%H:%i') as join_time FROM players WHERE session_code = ?
Request for code: 6D0B7F
Executing query: SELECT player_id, player_name, DATE_FORMAT(joined_at, '%H:%i') as join_time FROM players WHERE session_code = ?
Request for code: 6D0B7F
Executing query: SELECT player_id, player_name, DATE_FORMAT(joined_at, '%H:%i') as join_time FROM players WHERE session_code = ?
Request for code: 6D0B7F
Executing query: SELECT player_id, player_name, DATE_FORMAT(joined_at, '%H:%i') as join_time FROM players WHERE session_code = ?
Request for code: 6D0B7F
Executing query: SELECT player_id, player_name, DATE_FORMAT(joined_at, '%H:%i') as join_time FROM players WHERE session_code = ?
Request for code: 6D0B7F
Executing query: SELECT player_id, player_name, DATE_FORMAT(joined_at, '%H:%i') as join_time FROM players WHERE session_code = ?
Request for code: 6D0B7F
Executing query: SELECT player_id, player_name, DATE_FORMAT(joined_at, '%H:%i') as join_time FROM players WHERE session_code = ?
Request for code: 6D0B7F
Executing query: SELECT player_id, player_name, DATE_FORMAT(joined_at, '%H:%i') as join_time FROM players WHERE session_code = ?
Request for code: 6D0B7F
Executing query: SELECT player_id, player_name, DATE_FORMAT(joined_at, '%H:%i') as join_time FROM players WHERE session_code = ?
Request for code: 6D0B7F
Executing query: SELECT player_id, player_name, DATE_FORMAT(joined_at, '%H:%i') as join_time FROM players WHERE session_code = ?
Request for code: 6D0B7F
Executing query: SELECT player_id, player_name, DATE_FORMAT(joined_at, '%H:%i') as join_time FROM players WHERE session_code = ?
Request for code: 6D0B7F
Executing query: SELECT player_id, player_name, DATE_FORMAT(joined_at, '%H:%i') as join_time FROM players WHERE session_code = ?
Request for code: 6D0B7F
Executing query: SELECT player_id, player_name, DATE_FORMAT(joined_at, '%H:%i') as join_time FROM players WHERE session_code = ?
Request for code: 6D0B7F
Executing query: SELECT player_id, player_name, DATE_FORMAT(joined_at, '%H:%i') as join_time FROM players WHERE session_code = ?
Request for code: 6D0B7F
Executing query: SELECT player_id, player_name, DATE_FORMAT(joined_at, '%H:%i') as join_time FROM players WHERE session_code = ?
Request for code: 6D0B7F
Executing query: SELECT player_id, player_name, DATE_FORMAT(joined_at, '%H:%i') as join_time FROM players WHERE session_code = ?
Request for code: 6D0B7F
Executing query: SELECT player_id, player_name, DATE_FORMAT(joined_at, '%H:%i') as join_time FROM players WHERE session_code = ?
Request for code: 6D0B7F
Executing query: SELECT player_id, player_name, DATE_FORMAT(joined_at, '%H:%i') as join_time FROM players WHERE session_code = ?
Request for code: 6D0B7F
Executing query: SELECT player_id, player_name, DATE_FORMAT(joined_at, '%H:%i') as join_time FROM players WHERE session_code = ?
Request for code: 6D0B7F
Executing query: SELECT player_id, player_name, DATE_FORMAT(joined_at, '%H:%i') as join_time FROM players WHERE session_code = ?
Request for code: 6D0B7F
Executing query: SELECT player_id, player_name, DATE_FORMAT(joined_at, '%H:%i') as join_time FROM players WHERE session_code = ?
Request for code: 6D0B7F
Executing query: SELECT player_id, player_name, DATE_FORMAT(joined_at, '%H:%i') as join_time FROM players WHERE session_code = ?
Request for code: 6D0B7F
Executing query: SELECT player_id, player_name, DATE_FORMAT(joined_at, '%H:%i') as join_time FROM players WHERE session_code = ?
Request for code: 6D0B7F
Executing query: SELECT player_id, player_name, DATE_FORMAT(joined_at, '%H:%i') as join_time FROM players WHERE session_code = ?
Request for code: 6D0B7F
Executing query: SELECT player_id, player_name, DATE_FORMAT(joined_at, '%H:%i') as join_time FROM players WHERE session_code = ?
Request for code: 6D0B7F
Executing query: SELECT player_id, player_name, DATE_FORMAT(joined_at, '%H:%i') as join_time FROM players WHERE session_code = ?
Request for code: 6D0B7F
Executing query: SELECT player_id, player_name, DATE_FORMAT(joined_at, '%H:%i') as join_time FROM players WHERE session_code = ?
Request for code: 6D0B7F
Executing query: SELECT player_id, player_name, DATE_FORMAT(joined_at, '%H:%i') as join_time FROM players WHERE session_code = ?
Request for code: 6D0B7F
Executing query: SELECT player_id, player_name, DATE_FORMAT(joined_at, '%H:%i') as join_time FROM players WHERE session_code = ?
Request for code: 6D0B7F
Executing query: SELECT player_id, player_name, DATE_FORMAT(joined_at, '%H:%i') as join_time FROM players WHERE session_code = ?
Request for code: 6D0B7F
Executing query: SELECT player_id, player_name, DATE_FORMAT(joined_at, '%H:%i') as join_time FROM players WHERE session_code = ?
Request for code: 6D0B7F
Executing query: SELECT player_id, player_name, DATE_FORMAT(joined_at, '%H:%i') as join_time FROM players WHERE session_code = ?
Request for code: 6D0B7F
Executing query: SELECT player_id, player_name, DATE_FORMAT(joined_at, '%H:%i') as join_time FROM players WHERE session_code = ?
Request for code: 6D0B7F
Executing query: SELECT player_id, player_name, DATE_FORMAT(joined_at, '%H:%i') as join_time FROM players WHERE session_code = ?
Request for code: 6D0B7F
Executing query: SELECT player_id, player_name, DATE_FORMAT(joined_at, '%H:%i') as join_time FROM players WHERE session_code = ?
Request for code: 6D0B7F
Executing query: SELECT player_id, player_name, DATE_FORMAT(joined_at, '%H:%i') as join_time FROM players WHERE session_code = ?
Request for code: 6D0B7F
Executing query: SELECT player_id, player_name, DATE_FORMAT(joined_at, '%H:%i') as join_time FROM players WHERE session_code = ?
Request for code: 6D0B7F
Executing query: SELECT player_id, player_name, DATE_FORMAT(joined_at, '%H:%i') as join_time FROM players WHERE session_code = ?
Request for code: 6D0B7F
Executing query: SELECT player_id, player_name, DATE_FORMAT(joined_at, '%H:%i') as join_time FROM players WHERE session_code = ?
Request for code: 6D0B7F
Executing query: SELECT player_id, player_name, DATE_FORMAT(joined_at, '%H:%i') as join_time FROM players WHERE session_code = ?
Request for code: 6D0B7F
Executing query: SELECT player_id, player_name, DATE_FORMAT(joined_at, '%H:%i') as join_time FROM players WHERE session_code = ?
Request for code: 6D0B7F
Executing query: SELECT player_id, player_name, DATE_FORMAT(joined_at, '%H:%i') as join_time FROM players WHERE session_code = ?
Request for code: 6D0B7F
Executing query: SELECT player_id, player_name, DATE_FORMAT(joined_at, '%H:%i') as join_time FROM players WHERE session_code = ?
Request for code: 6D0B7F
Executing query: SELECT player_id, player_name, DATE_FORMAT(joined_at, '%H:%i') as join_time FROM players WHERE session_code = ?
Request for code: 6D0B7F
Executing query: SELECT player_id, player_name, DATE_FORMAT(joined_at, '%H:%i') as join_time FROM players WHERE session_code = ?
Request for code: 6D0B7F
Executing query: SELECT player_id, player_name, DATE_FORMAT(joined_at, '%H:%i') as join_time FROM players WHERE session_code = ?
Request for code: 6D0B7F
Executing query: SELECT player_id, player_name, DATE_FORMAT(joined_at, '%H:%i') as join_time FROM players WHERE session_code = ?
Request for code: 6D0B7F
Executing query: SELECT player_id, player_name, DATE_FORMAT(joined_at, '%H:%i') as join_time FROM players WHERE session_code = ?
Request for code: 6D0B7F
Executing query: SELECT player_id, player_name, DATE_FORMAT(joined_at, '%H:%i') as join_time FROM players WHERE session_code = ?
Request for code: 6D0B7F
Executing query: SELECT player_id, player_name, DATE_FORMAT(joined_at, '%H:%i') as join_time FROM players WHERE session_code = ?
Request for code: 6D0B7F
Executing query: SELECT player_id, player_name, DATE_FORMAT(joined_at, '%H:%i') as join_time FROM players WHERE session_code = ?
Request for code: 6D0B7F
Executing query: SELECT player_id, player_name, DATE_FORMAT(joined_at, '%H:%i') as join_time FROM players WHERE session_code = ?
Request for code: 6D0B7F
Executing query: SELECT player_id, player_name, DATE_FORMAT(joined_at, '%H:%i') as join_time FROM players WHERE session_code = ?
Request for code: 6D0B7F
Executing query: SELECT player_id, player_name, DATE_FORMAT(joined_at, '%H:%i') as join_time FROM players WHERE session_code = ?
Request for code: 6D0B7F
Executing query: SELECT player_id, player_name, DATE_FORMAT(joined_at, '%H:%i') as join_time FROM players WHERE session_code = ?
Request for code: 6D0B7F
Executing query: SELECT player_id, player_name, DATE_FORMAT(joined_at, '%H:%i') as join_time FROM players WHERE session_code = ?
Request for code: 6D0B7F
Executing query: SELECT player_id, player_name, DATE_FORMAT(joined_at, '%H:%i') as join_time FROM players WHERE session_code = ?
Request for code: 6D0B7F
Executing query: SELECT player_id, player_name, DATE_FORMAT(joined_at, '%H:%i') as join_time FROM players WHERE session_code = ?
Request for code: 6D0B7F
Executing query: SELECT player_id, player_name, DATE_FORMAT(joined_at, '%H:%i') as join_time FROM players WHERE session_code = ?
Request for code: 6D0B7F
Executing query: SELECT player_id, player_name, DATE_FORMAT(joined_at, '%H:%i') as join_time FROM players WHERE session_code = ?
Request for code: 6D0B7F
Executing query: SELECT player_id, player_name, DATE_FORMAT(joined_at, '%H:%i') as join_time FROM players WHERE session_code = ?
Request for code: 6D0B7F
Executing query: SELECT player_id, player_name, DATE_FORMAT(joined_at, '%H:%i') as join_time FROM players WHERE session_code = ?
Request for code: 6D0B7F
Executing query: SELECT player_id, player_name, DATE_FORMAT(joined_at, '%H:%i') as join_time FROM players WHERE session_code = ?
Request for code: 6D0B7F
Executing query: SELECT player_id, player_name, DATE_FORMAT(joined_at, '%H:%i') as join_time FROM players WHERE session_code = ?
Request for code: 6D0B7F
Executing query: SELECT player_id, player_name, DATE_FORMAT(joined_at, '%H:%i') as join_time FROM players WHERE session_code = ?
Request for code: 6D0B7F
Executing query: SELECT player_id, player_name, DATE_FORMAT(joined_at, '%H:%i') as join_time FROM players WHERE session_code = ?
Request for code: 6D0B7F
Executing query: SELECT player_id, player_name, DATE_FORMAT(joined_at, '%H:%i') as join_time FROM players WHERE session_code = ?
Request for code: 6D0B7F
Executing query: SELECT player_id, player_name, DATE_FORMAT(joined_at, '%H:%i') as join_time FROM players WHERE session_code = ?
Request for code: 6D0B7F
Executing query: SELECT player_id, player_name, DATE_FORMAT(joined_at, '%H:%i') as join_time FROM players WHERE session_code = ?
Request for code: 6D0B7F
Executing query: SELECT player_id, player_name, DATE_FORMAT(joined_at, '%H:%i') as join_time FROM players WHERE session_code = ?
Request for code: 6D0B7F
Executing query: SELECT player_id, player_name, DATE_FORMAT(joined_at, '%H:%i') as join_time FROM players WHERE session_code = ?
Request for code: 6D0B7F
Executing query: SELECT player_id, player_name, DATE_FORMAT(joined_at, '%H:%i') as join_time FROM players WHERE session_code = ?
Request for code: 6D0B7F
Executing query: SELECT player_id, player_name, DATE_FORMAT(joined_at, '%H:%i') as join_time FROM players WHERE session_code = ?
Request for code: 6D0B7F
Executing query: SELECT player_id, player_name, DATE_FORMAT(joined_at, '%H:%i') as join_time FROM players WHERE session_code = ?
Request for code: 6D0B7F
Executing query: SELECT player_id, player_name, DATE_FORMAT(joined_at, '%H:%i') as join_time FROM players WHERE session_code = ?
Request for code: 6D0B7F
Executing query: SELECT player_id, player_name, DATE_FORMAT(joined_at, '%H:%i') as join_time FROM players WHERE session_code = ?
Request for code: 6D0B7F
Executing query: SELECT player_id, player_name, DATE_FORMAT(joined_at, '%H:%i') as join_time FROM players WHERE session_code = ?
Request for code: 6D0B7F
Executing query: SELECT player_id, player_name, DATE_FORMAT(joined_at, '%H:%i') as join_time FROM players WHERE session_code = ?
Request for code: 6D0B7F
Executing query: SELECT player_id, player_name, DATE_FORMAT(joined_at, '%H:%i') as join_time FROM players WHERE session_code = ?
Request for code: 6D0B7F
Executing query: SELECT player_id, player_name, DATE_FORMAT(joined_at, '%H:%i') as join_time FROM players WHERE session_code = ?
Request for code: 6D0B7F
Executing query: SELECT player_id, player_name, DATE_FORMAT(joined_at, '%H:%i') as join_time FROM players WHERE session_code = ?
Request for code: 6D0B7F
Executing query: SELECT player_id, player_name, DATE_FORMAT(joined_at, '%H:%i') as join_time FROM players WHERE session_code = ?
Request for code: 6D0B7F
Executing query: SELECT player_id, player_name, DATE_FORMAT(joined_at, '%H:%i') as join_time FROM players WHERE session_code = ?
Request for code: 6D0B7F
Executing query: SELECT player_id, player_name, DATE_FORMAT(joined_at, '%H:%i') as join_time FROM players WHERE session_code = ?
Request for code: 6D0B7F
Executing query: SELECT player_id, player_name, DATE_FORMAT(joined_at, '%H:%i') as join_time FROM players WHERE session_code = ?
Request for code: 6D0B7F
Executing query: SELECT player_id, player_name, DATE_FORMAT(joined_at, '%H:%i') as join_time FROM players WHERE session_code = ?
Request for code: 6D0B7F
Executing query: SELECT player_id, player_name, DATE_FORMAT(joined_at, '%H:%i') as join_time FROM players WHERE session_code = ?
Request for code: 6D0B7F
Executing query: SELECT player_id, player_name, DATE_FORMAT(joined_at, '%H:%i') as join_time FROM players WHERE session_code = ?
Request for code: 6D0B7F
Executing query: SELECT player_id, player_name, DATE_FORMAT(joined_at, '%H:%i') as join_time FROM players WHERE session_code = ?
Request for code: 6D0B7F
Executing query: SELECT player_id, player_name, DATE_FORMAT(joined_at, '%H:%i') as join_time FROM players WHERE session_code = ?
Request for code: 6D0B7F
Executing query: SELECT player_id, player_name, DATE_FORMAT(joined_at, '%H:%i') as join_time FROM players WHERE session_code = ?
Request for code: 6D0B7F
Executing query: SELECT player_id, player_name, DATE_FORMAT(joined_at, '%H:%i') as join_time FROM players WHERE session_code = ?
Request for code: 6D0B7F
Executing query: SELECT player_id, player_name, DATE_FORMAT(joined_at, '%H:%i') as join_time FROM players WHERE session_code = ?
Request for code: 6D0B7F
Executing query: SELECT player_id, player_name, DATE_FORMAT(joined_at, '%H:%i') as join_time FROM players WHERE session_code = ?
Request for code: 6D0B7F
Executing query: SELECT player_id, player_name, DATE_FORMAT(joined_at, '%H:%i') as join_time FROM players WHERE session_code = ?
Request for code: 6D0B7F
Executing query: SELECT player_id, player_name, DATE_FORMAT(joined_at, '%H:%i') as join_time FROM players WHERE session_code = ?
Request for code: 6D0B7F
Executing query: SELECT player_id, player_name, DATE_FORMAT(joined_at, '%H:%i') as join_time FROM players WHERE session_code = ?
Request for code: 6D0B7F
Executing query: SELECT player_id, player_name, DATE_FORMAT(joined_at, '%H:%i') as join_time FROM players WHERE session_code = ?
Request for code: 6D0B7F
Executing query: SELECT player_id, player_name, DATE_FORMAT(joined_at, '%H:%i') as join_time FROM players WHERE session_code = ?
Request for code: 6D0B7F
Executing query: SELECT player_id, player_name, DATE_FORMAT(joined_at, '%H:%i') as join_time FROM players WHERE session_code = ?
Request for code: 6D0B7F
Executing query: SELECT player_id, player_name, DATE_FORMAT(joined_at, '%H:%i') as join_time FROM players WHERE session_code = ?
Request for code: 6D0B7F
Executing query: SELECT player_id, player_name, DATE_FORMAT(joined_at, '%H:%i') as join_time FROM players WHERE session_code = ?
Request for code: 6D0B7F
Executing query: SELECT player_id, player_name, DATE_FORMAT(joined_at, '%H:%i') as join_time FROM players WHERE session_code = ?
Request for code: 6D0B7F
Executing query: SELECT player_id, player_name, DATE_FORMAT(joined_at, '%H:%i') as join_time FROM players WHERE session_code = ?
Request for code: 6D0B7F
Executing query: SELECT player_id, player_name, DATE_FORMAT(joined_at, '%H:%i') as join_time FROM players WHERE session_code = ?
Request for code: 6D0B7F
Executing query: SELECT player_id, player_name, DATE_FORMAT(joined_at, '%H:%i') as join_time FROM players WHERE session_code = ?
Request for code: 6D0B7F
Executing query: SELECT player_id, player_name, DATE_FORMAT(joined_at, '%H:%i') as join_time FROM players WHERE session_code = ?
Request for code: 6D0B7F
Executing query: SELECT player_id, player_name, DATE_FORMAT(joined_at, '%H:%i') as join_time FROM players WHERE session_code = ?
Request for code: 6D0B7F
Executing query: SELECT player_id, player_name, DATE_FORMAT(joined_at, '%H:%i') as join_time FROM players WHERE session_code = ?
Request for code: 6D0B7F
Executing query: SELECT player_id, player_name, DATE_FORMAT(joined_at, '%H:%i') as join_time FROM players WHERE session_code = ?
Request for code: 6D0B7F
Executing query: SELECT player_id, player_name, DATE_FORMAT(joined_at, '%H:%i') as join_time FROM players WHERE session_code = ?
Request for code: 6D0B7F
Executing query: SELECT player_id, player_name, DATE_FORMAT(joined_at, '%H:%i') as join_time FROM players WHERE session_code = ?
Request for code: 6D0B7F
Executing query: SELECT player_id, player_name, DATE_FORMAT(joined_at, '%H:%i') as join_time FROM players WHERE session_code = ?
Request for code: 6D0B7F
Executing query: SELECT player_id, player_name, DATE_FORMAT(joined_at, '%H:%i') as join_time FROM players WHERE session_code = ?
Request for code: 6D0B7F
Executing query: SELECT player_id, player_name, DATE_FORMAT(joined_at, '%H:%i') as join_time FROM players WHERE session_code = ?
Request for code: 6D0B7F
Executing query: SELECT player_id, player_name, DATE_FORMAT(joined_at, '%H:%i') as join_time FROM players WHERE session_code = ?
Request for code: 6D0B7F
Executing query: SELECT player_id, player_name, DATE_FORMAT(joined_at, '%H:%i') as join_time FROM players WHERE session_code = ?
Request for code: 6D0B7F
Executing query: SELECT player_id, player_name, DATE_FORMAT(joined_at, '%H:%i') as join_time FROM players WHERE session_code = ?
Request for code: 6D0B7F
Executing query: SELECT player_id, player_name, DATE_FORMAT(joined_at, '%H:%i') as join_time FROM players WHERE session_code = ?
Request for code: 6D0B7F
Executing query: SELECT player_id, player_name, DATE_FORMAT(joined_at, '%H:%i') as join_time FROM players WHERE session_code = ?
Request for code: 6D0B7F
Executing query: SELECT player_id, player_name, DATE_FORMAT(joined_at, '%H:%i') as join_time FROM players WHERE session_code = ?
Request for code: 6D0B7F
Executing query: SELECT player_id, player_name, DATE_FORMAT(joined_at, '%H:%i') as join_time FROM players WHERE session_code = ?
Request for code: 6D0B7F
Executing query: SELECT player_id, player_name, DATE_FORMAT(joined_at, '%H:%i') as join_time FROM players WHERE session_code = ?
Request for code: 6D0B7F
Executing query: SELECT player_id, player_name, DATE_FORMAT(joined_at, '%H:%i') as join_time FROM players WHERE session_code = ?
Request for code: 6D0B7F
Executing query: SELECT player_id, player_name, DATE_FORMAT(joined_at, '%H:%i') as join_time FROM players WHERE session_code = ?
Request for code: 6D0B7F
Executing query: SELECT player_id, player_name, DATE_FORMAT(joined_at, '%H:%i') as join_time FROM players WHERE session_code = ?
Request for code: 6D0B7F
Executing query: SELECT player_id, player_name, DATE_FORMAT(joined_at, '%H:%i') as join_time FROM players WHERE session_code = ?
Request for code: 6D0B7F
Executing query: SELECT player_id, player_name, DATE_FORMAT(joined_at, '%H:%i') as join_time FROM players WHERE session_code = ?
Request for code: 6D0B7F
Executing query: SELECT player_id, player_name, DATE_FORMAT(joined_at, '%H:%i') as join_time FROM players WHERE session_code = ?
Request for code: 6D0B7F
Executing query: SELECT player_id, player_name, DATE_FORMAT(joined_at, '%H:%i') as join_time FROM players WHERE session_code = ?
Request for code: 6D0B7F
Executing query: SELECT player_id, player_name, DATE_FORMAT(joined_at, '%H:%i') as join_time FROM players WHERE session_code = ?
Request for code: 6D0B7F
Executing query: SELECT player_id, player_name, DATE_FORMAT(joined_at, '%H:%i') as join_time FROM players WHERE session_code = ?
Request for code: 6D0B7F
Executing query: SELECT player_id, player_name, DATE_FORMAT(joined_at, '%H:%i') as join_time FROM players WHERE session_code = ?
Request for code: 6D0B7F
Executing query: SELECT player_id, player_name, DATE_FORMAT(joined_at, '%H:%i') as join_time FROM players WHERE session_code = ?
Request for code: 6D0B7F
Executing query: SELECT player_id, player_name, DATE_FORMAT(joined_at, '%H:%i') as join_time FROM players WHERE session_code = ?
Request for code: 6D0B7F
Executing query: SELECT player_id, player_name, DATE_FORMAT(joined_at, '%H:%i') as join_time FROM players WHERE session_code = ?
Request for code: 6D0B7F
Executing query: SELECT player_id, player_name, DATE_FORMAT(joined_at, '%H:%i') as join_time FROM players WHERE session_code = ?
Request for code: 6D0B7F
Executing query: SELECT player_id, player_name, DATE_FORMAT(joined_at, '%H:%i') as join_time FROM players WHERE session_code = ?
Request for code: 6D0B7F
Executing query: SELECT player_id, player_name, DATE_FORMAT(joined_at, '%H:%i') as join_time FROM players WHERE session_code = ?
Request for code: 6D0B7F
Executing query: SELECT player_id, player_name, DATE_FORMAT(joined_at, '%H:%i') as join_time FROM players WHERE session_code = ?
Request for code: 6D0B7F
Executing query: SELECT player_id, player_name, DATE_FORMAT(joined_at, '%H:%i') as join_time FROM players WHERE session_code = ?
Request for code: 6D0B7F
Executing query: SELECT player_id, player_name, DATE_FORMAT(joined_at, '%H:%i') as join_time FROM players WHERE session_code = ?
Request for code: 6D0B7F
Executing query: SELECT player_id, player_name, DATE_FORMAT(joined_at, '%H:%i') as join_time FROM players WHERE session_code = ?
Request for code: 6D0B7F
Executing query: SELECT player_id, player_name, DATE_FORMAT(joined_at, '%H:%i') as join_time FROM players WHERE session_code = ?
Request for code: 6D0B7F
Executing query: SELECT player_id, player_name, DATE_FORMAT(joined_at, '%H:%i') as join_time FROM players WHERE session_code = ?
Request for code: 6D0B7F
Executing query: SELECT player_id, player_name, DATE_FORMAT(joined_at, '%H:%i') as join_time FROM players WHERE session_code = ?
Request for code: 6D0B7F
Executing query: SELECT player_id, player_name, DATE_FORMAT(joined_at, '%H:%i') as join_time FROM players WHERE session_code = ?
Request for code: 6D0B7F
Executing query: SELECT player_id, player_name, DATE_FORMAT(joined_at, '%H:%i') as join_time FROM players WHERE session_code = ?
Request for code: 6D0B7F
Executing query: SELECT player_id, player_name, DATE_FORMAT(joined_at, '%H:%i') as join_time FROM players WHERE session_code = ?
Request for code: 6D0B7F
Executing query: SELECT player_id, player_name, DATE_FORMAT(joined_at, '%H:%i') as join_time FROM players WHERE session_code = ?
Request for code: 6D0B7F
Executing query: SELECT player_id, player_name, DATE_FORMAT(joined_at, '%H:%i') as join_time FROM players WHERE session_code = ?
Request for code: 6D0B7F
Executing query: SELECT player_id, player_name, DATE_FORMAT(joined_at, '%H:%i') as join_time FROM players WHERE session_code = ?
Request for code: 6D0B7F
Executing query: SELECT player_id, player_name, DATE_FORMAT(joined_at, '%H:%i') as join_time FROM players WHERE session_code = ?
Request for code: 6D0B7F
Executing query: SELECT player_id, player_name, DATE_FORMAT(joined_at, '%H:%i') as join_time FROM players WHERE session_code = ?
Request for code: 6D0B7F
Executing query: SELECT player_id, player_name, DATE_FORMAT(joined_at, '%H:%i') as join_time FROM players WHERE session_code = ?
Request for code: 6D0B7F
Executing query: SELECT player_id, player_name, DATE_FORMAT(joined_at, '%H:%i') as join_time FROM players WHERE session_code = ?
Request for code: 6D0B7F
Executing query: SELECT player_id, player_name, DATE_FORMAT(joined_at, '%H:%i') as join_time FROM players WHERE session_code = ?
Request for code: 6D0B7F
Executing query: SELECT player_id, player_name, DATE_FORMAT(joined_at, '%H:%i') as join_time FROM players WHERE session_code = ?
Request for code: 6D0B7F
Executing query: SELECT player_id, player_name, DATE_FORMAT(joined_at, '%H:%i') as join_time FROM players WHERE session_code = ?
Request for code: 6D0B7F
Executing query: SELECT player_id, player_name, DATE_FORMAT(joined_at, '%H:%i') as join_time FROM players WHERE session_code = ?
Request for code: 6D0B7F
Executing query: SELECT player_id, player_name, DATE_FORMAT(joined_at, '%H:%i') as join_time FROM players WHERE session_code = ?
Request for code: 6D0B7F
Executing query: SELECT player_id, player_name, DATE_FORMAT(joined_at, '%H:%i') as join_time FROM players WHERE session_code = ?
Request for code: 6D0B7F
Executing query: SELECT player_id, player_name, DATE_FORMAT(joined_at, '%H:%i') as join_time FROM players WHERE session_code = ?
Request for code: 6D0B7F
Executing query: SELECT player_id, player_name, DATE_FORMAT(joined_at, '%H:%i') as join_time FROM players WHERE session_code = ?
Request for code: 6D0B7F
Executing query: SELECT player_id, player_name, DATE_FORMAT(joined_at, '%H:%i') as join_time FROM players WHERE session_code = ?
Request for code: 6D0B7F
Executing query: SELECT player_id, player_name, DATE_FORMAT(joined_at, '%H:%i') as join_time FROM players WHERE session_code = ?
Request for code: 6D0B7F
Executing query: SELECT player_id, player_name, DATE_FORMAT(joined_at, '%H:%i') as join_time FROM players WHERE session_code = ?
Request for code: 6D0B7F
Executing query: SELECT player_id, player_name, DATE_FORMAT(joined_at, '%H:%i') as join_time FROM players WHERE session_code = ?
Request for code: 6D0B7F
Executing query: SELECT player_id, player_name, DATE_FORMAT(joined_at, '%H:%i') as join_time FROM players WHERE session_code = ?
Request for code: 6D0B7F
Executing query: SELECT player_id, player_name, DATE_FORMAT(joined_at, '%H:%i') as join_time FROM players WHERE session_code = ?
Request for code: 6D0B7F
Executing query: SELECT player_id, player_name, DATE_FORMAT(joined_at, '%H:%i') as join_time FROM players WHERE session_code = ?
Request for code: 6D0B7F
Executing query: SELECT player_id, player_name, DATE_FORMAT(joined_at, '%H:%i') as join_time FROM players WHERE session_code = ?
Request for code: 6D0B7F
Executing query: SELECT player_id, player_name, DATE_FORMAT(joined_at, '%H:%i') as join_time FROM players WHERE session_code = ?
Request for code: 6D0B7F
Executing query: SELECT player_id, player_name, DATE_FORMAT(joined_at, '%H:%i') as join_time FROM players WHERE session_code = ?
Request for code: 6D0B7F
Executing query: SELECT player_id, player_name, DATE_FORMAT(joined_at, '%H:%i') as join_time FROM players WHERE session_code = ?
Request for code: 6D0B7F
Executing query: SELECT player_id, player_name, DATE_FORMAT(joined_at, '%H:%i') as join_time FROM players WHERE session_code = ?
Request for code: 6D0B7F
Executing query: SELECT player_id, player_name, DATE_FORMAT(joined_at, '%H:%i') as join_time FROM players WHERE session_code = ?
Request for code: 6D0B7F
Executing query: SELECT player_id, player_name, DATE_FORMAT(joined_at, '%H:%i') as join_time FROM players WHERE session_code = ?
Request for code: 6D0B7F
Executing query: SELECT player_id, player_name, DATE_FORMAT(joined_at, '%H:%i') as join_time FROM players WHERE session_code = ?
Request for code: 6D0B7F
Executing query: SELECT player_id, player_name, DATE_FORMAT(joined_at, '%H:%i') as join_time FROM players WHERE session_code = ?
Request for code: 6D0B7F
Executing query: SELECT player_id, player_name, DATE_FORMAT(joined_at, '%H:%i') as join_time FROM players WHERE session_code = ?
Request for code: 6D0B7F
Executing query: SELECT player_id, player_name, DATE_FORMAT(joined_at, '%H:%i') as join_time FROM players WHERE session_code = ?
Request for code: 6D0B7F
Executing query: SELECT player_id, player_name, DATE_FORMAT(joined_at, '%H:%i') as join_time FROM players WHERE session_code = ?
Request for code: 6D0B7F
Executing query: SELECT player_id, player_name, DATE_FORMAT(joined_at, '%H:%i') as join_time FROM players WHERE session_code = ?
Request for code: 6D0B7F
Executing query: SELECT player_id, player_name, DATE_FORMAT(joined_at, '%H:%i') as join_time FROM players WHERE session_code = ?
Request for code: 6D0B7F
Executing query: SELECT player_id, player_name, DATE_FORMAT(joined_at, '%H:%i') as join_time FROM players WHERE session_code = ?
Request for code: 6D0B7F
Executing query: SELECT player_id, player_name, DATE_FORMAT(joined_at, '%H:%i') as join_time FROM players WHERE session_code = ?
Request for code: 6D0B7F
Executing query: SELECT player_id, player_name, DATE_FORMAT(joined_at, '%H:%i') as join_time FROM players WHERE session_code = ?
Request for code: 6D0B7F
Executing query: SELECT player_id, player_name, DATE_FORMAT(joined_at, '%H:%i') as join_time FROM players WHERE session_code = ?
Request for code: 6D0B7F
Executing query: SELECT player_id, player_name, DATE_FORMAT(joined_at, '%H:%i') as join_time FROM players WHERE session_code = ?
Request for code: 6D0B7F
Executing query: SELECT player_id, player_name, DATE_FORMAT(joined_at, '%H:%i') as join_time FROM players WHERE session_code = ?
Request for code: 6D0B7F
Executing query: SELECT player_id, player_name, DATE_FORMAT(joined_at, '%H:%i') as join_time FROM players WHERE session_code = ?
Request for code: 6D0B7F
Executing query: SELECT player_id, player_name, DATE_FORMAT(joined_at, '%H:%i') as join_time FROM players WHERE session_code = ?
Request for code: 6D0B7F
Executing query: SELECT player_id, player_name, DATE_FORMAT(joined_at, '%H:%i') as join_time FROM players WHERE session_code = ?
Request for code: 6D0B7F
Executing query: SELECT player_id, player_name, DATE_FORMAT(joined_at, '%H:%i') as join_time FROM players WHERE session_code = ?
Request for code: 6D0B7F
Executing query: SELECT player_id, player_name, DATE_FORMAT(joined_at, '%H:%i') as join_time FROM players WHERE session_code = ?
Request for code: 6D0B7F
Executing query: SELECT player_id, player_name, DATE_FORMAT(joined_at, '%H:%i') as join_time FROM players WHERE session_code = ?
Request for code: 6D0B7F
Executing query: SELECT player_id, player_name, DATE_FORMAT(joined_at, '%H:%i') as join_time FROM players WHERE session_code = ?
Request for code: 6D0B7F
Executing query: SELECT player_id, player_name, DATE_FORMAT(joined_at, '%H:%i') as join_time FROM players WHERE session_code = ?
Request for code: 6D0B7F
Executing query: SELECT player_id, player_name, DATE_FORMAT(joined_at, '%H:%i') as join_time FROM players WHERE session_code = ?
Request for code: 6D0B7F
Executing query: SELECT player_id, player_name, DATE_FORMAT(joined_at, '%H:%i') as join_time FROM players WHERE session_code = ?
